{"C:\\Users\\alabe\\Desktop\\anna\\курс автоматизация\\homework 2.4\\homework 2.4.1.js": {"path":"C:\\Users\\alabe\\Desktop\\anna\\курс автоматизация\\homework 2.4\\homework 2.4.1.js","statementMap":{"0":{"start":{"line":24,"column":4},"end":{"line":27,"column":90}},"1":{"start":{"line":25,"column":32},"end":{"line":25,"column":57}},"2":{"start":{"line":26,"column":22},"end":{"line":26,"column":42}},"3":{"start":{"line":27,"column":19},"end":{"line":27,"column":88}},"4":{"start":{"line":30,"column":2},"end":{"line":30,"column":43}},"5":{"start":{"line":34,"column":27},"end":{"line":34,"column":76}},"6":{"start":{"line":35,"column":4},"end":{"line":35,"column":77}},"7":{"start":{"line":38,"column":23},"end":{"line":42,"column":1}},"8":{"start":{"line":44,"column":0},"end":{"line":44,"column":39}}},"fnMap":{"0":{"name":"getLowExpenseMonths","decl":{"start":{"line":23,"column":11},"end":{"line":23,"column":30}},"loc":{"start":{"line":23,"column":47},"end":{"line":28,"column":3}},"line":23},"1":{"name":"(anonymous_1)","decl":{"start":{"line":25,"column":11},"end":{"line":25,"column":12}},"loc":{"start":{"line":25,"column":32},"end":{"line":25,"column":57}},"line":25},"2":{"name":"(anonymous_2)","decl":{"start":{"line":26,"column":14},"end":{"line":26,"column":15}},"loc":{"start":{"line":26,"column":22},"end":{"line":26,"column":42}},"line":26},"3":{"name":"(anonymous_3)","decl":{"start":{"line":27,"column":11},"end":{"line":27,"column":12}},"loc":{"start":{"line":27,"column":19},"end":{"line":27,"column":88}},"line":27},"4":{"name":"testExpenses","decl":{"start":{"line":33,"column":9},"end":{"line":33,"column":21}},"loc":{"start":{"line":33,"column":37},"end":{"line":36,"column":1}},"line":33}},"branchMap":{},"s":{"0":10,"1":86,"2":86,"3":36,"4":1,"5":3,"6":3,"7":1,"8":1},"f":{"0":10,"1":86,"2":86,"3":36,"4":3},"b":{},"_coverageSchema":"1a1c01bbd47fc00a2c39e90264f33305004495a9","hash":"8fbba2642616ce40abf21dd865ed6e96d3ab04e8"}
}
